mode: set
github.com/eislab-cps/go-template/internal/cli/cli.go:12.59,19.21 5 1
github.com/eislab-cps/go-template/internal/cli/cli.go:19.21,21.18 2 1
github.com/eislab-cps/go-template/internal/cli/cli.go:21.18,23.12 2 0
github.com/eislab-cps/go-template/internal/cli/cli.go:26.3,27.21 2 1
github.com/eislab-cps/go-template/internal/cli/cli.go:27.21,29.12 2 0
github.com/eislab-cps/go-template/internal/cli/cli.go:32.3,34.18 2 1
github.com/eislab-cps/go-template/internal/cli/cli.go:35.23,38.10 3 1
github.com/eislab-cps/go-template/internal/cli/cli.go:39.15,40.14 1 1
github.com/eislab-cps/go-template/internal/cli/cli.go:41.14,42.21 1 0
github.com/eislab-cps/go-template/internal/cli/cli.go:42.21,44.5 1 0
github.com/eislab-cps/go-template/internal/cli/cli.go:44.10,46.5 1 0
github.com/eislab-cps/go-template/internal/cli/cli.go:47.14,48.21 1 0
github.com/eislab-cps/go-template/internal/cli/cli.go:48.21,50.5 1 0
github.com/eislab-cps/go-template/internal/cli/cli.go:50.10,52.5 1 0
github.com/eislab-cps/go-template/internal/cli/cli.go:53.11,54.85 1 0
github.com/eislab-cps/go-template/internal/cli/cli.go:57.3,57.26 1 1
github.com/eislab-cps/go-template/internal/cli/cli.go:61.17,67.2 5 1
github.com/eislab-cps/go-template/internal/cli/get.go:7.29,8.24 1 1
github.com/eislab-cps/go-template/internal/cli/get.go:8.24,11.3 2 0
github.com/eislab-cps/go-template/internal/cli/get.go:13.2,15.9 1 1
github.com/eislab-cps/go-template/internal/cli/get.go:15.9,17.12 2 1
github.com/eislab-cps/go-template/internal/cli/get.go:17.12,19.4 1 1
github.com/eislab-cps/go-template/internal/cli/get.go:19.9,21.4 1 1
github.com/eislab-cps/go-template/internal/cli/get.go:22.3,22.27 1 1
github.com/eislab-cps/go-template/internal/cli/get.go:23.8,25.3 1 0
github.com/eislab-cps/go-template/internal/cli/put.go:8.29,9.24 1 1
github.com/eislab-cps/go-template/internal/cli/put.go:9.24,12.3 2 1
github.com/eislab-cps/go-template/internal/cli/put.go:14.2,16.79 2 1
github.com/eislab-cps/go-template/internal/cli/put.go:16.79,19.3 2 1
github.com/eislab-cps/go-template/internal/cli/put.go:19.8,21.3 1 0
github.com/eislab-cps/go-template/internal/network/network.go:56.34,62.2 1 1
github.com/eislab-cps/go-template/internal/network/network.go:65.63,67.16 2 1
github.com/eislab-cps/go-template/internal/network/network.go:67.16,69.3 1 0
github.com/eislab-cps/go-template/internal/network/network.go:71.2,72.16 2 1
github.com/eislab-cps/go-template/internal/network/network.go:72.16,74.3 1 0
github.com/eislab-cps/go-template/internal/network/network.go:76.2,81.8 1 1
github.com/eislab-cps/go-template/internal/network/network.go:85.61,87.19 1 0
github.com/eislab-cps/go-template/internal/network/network.go:87.19,88.65 1 0
github.com/eislab-cps/go-template/internal/network/network.go:88.65,90.4 1 0
github.com/eislab-cps/go-template/internal/network/network.go:93.2,94.16 2 0
github.com/eislab-cps/go-template/internal/network/network.go:94.16,96.3 1 0
github.com/eislab-cps/go-template/internal/network/network.go:99.2,100.16 2 0
github.com/eislab-cps/go-template/internal/network/network.go:100.16,102.3 1 0
github.com/eislab-cps/go-template/internal/network/network.go:105.2,113.8 2 0
github.com/eislab-cps/go-template/internal/network/network.go:117.58,122.30 4 0
github.com/eislab-cps/go-template/internal/network/network.go:122.30,124.3 1 0
github.com/eislab-cps/go-template/internal/network/network.go:125.2,125.30 1 0
github.com/eislab-cps/go-template/internal/network/network.go:125.30,127.3 1 0
github.com/eislab-cps/go-template/internal/network/network.go:131.29,135.2 3 0
github.com/eislab-cps/go-template/internal/network/network.go:138.59,142.16 2 0
github.com/eislab-cps/go-template/internal/network/network.go:142.16,144.3 1 0
github.com/eislab-cps/go-template/internal/network/network.go:145.2,156.31 3 0
github.com/eislab-cps/go-template/internal/network/network.go:160.58,162.2 1 0
github.com/eislab-cps/go-template/internal/network/udp.go:23.49,26.16 3 1
github.com/eislab-cps/go-template/internal/network/udp.go:26.16,28.3 1 0
github.com/eislab-cps/go-template/internal/network/udp.go:29.2,29.17 1 1
github.com/eislab-cps/go-template/internal/network/udp.go:29.17,32.3 2 0
github.com/eislab-cps/go-template/internal/network/udp.go:33.2,34.16 2 1
github.com/eislab-cps/go-template/internal/network/udp.go:34.16,36.3 1 0
github.com/eislab-cps/go-template/internal/network/udp.go:37.2,38.12 2 1
github.com/eislab-cps/go-template/internal/network/udp.go:42.49,44.17 2 1
github.com/eislab-cps/go-template/internal/network/udp.go:44.17,46.17 2 0
github.com/eislab-cps/go-template/internal/network/udp.go:46.17,48.4 1 0
github.com/eislab-cps/go-template/internal/network/udp.go:49.3,50.53 2 0
github.com/eislab-cps/go-template/internal/network/udp.go:50.53,52.4 1 0
github.com/eislab-cps/go-template/internal/network/udp.go:53.3,61.9 1 0
github.com/eislab-cps/go-template/internal/network/udp.go:63.2,64.16 2 1
github.com/eislab-cps/go-template/internal/network/udp.go:64.16,66.3 1 1
github.com/eislab-cps/go-template/internal/network/udp.go:67.2,68.52 2 0
github.com/eislab-cps/go-template/internal/network/udp.go:68.52,70.3 1 0
github.com/eislab-cps/go-template/internal/network/udp.go:71.2,79.8 1 0
github.com/eislab-cps/go-template/internal/network/udp.go:83.39,84.31 1 1
github.com/eislab-cps/go-template/internal/network/udp.go:84.31,86.3 1 0
github.com/eislab-cps/go-template/internal/network/udp.go:87.2,87.23 1 1
github.com/eislab-cps/go-template/internal/network/udp.go:91.46,92.31 1 1
github.com/eislab-cps/go-template/internal/network/udp.go:92.31,94.3 1 0
github.com/eislab-cps/go-template/internal/network/udp.go:95.2,95.27 1 1
github.com/eislab-cps/go-template/internal/network/utils.go:20.55,22.16 2 0
github.com/eislab-cps/go-template/internal/network/utils.go:22.16,24.3 1 0
github.com/eislab-cps/go-template/internal/network/utils.go:25.2,25.18 1 0
github.com/eislab-cps/go-template/internal/network/utils.go:28.55,30.46 2 0
github.com/eislab-cps/go-template/internal/network/utils.go:30.46,32.3 1 0
github.com/eislab-cps/go-template/internal/network/utils.go:33.2,33.15 1 0
github.com/eislab-cps/go-template/internal/network/utils.go:37.45,38.14 1 1
github.com/eislab-cps/go-template/internal/network/utils.go:38.14,40.3 1 0
github.com/eislab-cps/go-template/internal/network/utils.go:41.2,41.36 1 1
github.com/eislab-cps/go-template/internal/network/utils.go:41.36,43.3 1 1
github.com/eislab-cps/go-template/internal/network/utils.go:45.2,46.16 2 0
github.com/eislab-cps/go-template/internal/network/utils.go:46.16,48.3 1 0
github.com/eislab-cps/go-template/internal/network/utils.go:49.2,51.35 3 0
github.com/eislab-cps/go-template/internal/network/utils.go:55.35,57.16 2 0
github.com/eislab-cps/go-template/internal/network/utils.go:57.16,60.3 1 0
github.com/eislab-cps/go-template/internal/network/utils.go:61.2,64.35 3 0
github.com/eislab-cps/go-template/internal/network/utils.go:67.43,69.16 2 0
github.com/eislab-cps/go-template/internal/network/utils.go:69.16,71.3 1 0
github.com/eislab-cps/go-template/internal/network/utils.go:74.2,74.31 1 0
github.com/eislab-cps/go-template/internal/network/utils.go:74.31,75.23 1 0
github.com/eislab-cps/go-template/internal/network/utils.go:75.23,77.18 2 0
github.com/eislab-cps/go-template/internal/network/utils.go:77.18,78.13 1 0
github.com/eislab-cps/go-template/internal/network/utils.go:80.4,80.31 1 0
github.com/eislab-cps/go-template/internal/network/utils.go:80.31,81.69 1 0
github.com/eislab-cps/go-template/internal/network/utils.go:81.69,82.31 1 0
github.com/eislab-cps/go-template/internal/network/utils.go:82.31,84.7 1 0
github.com/eislab-cps/go-template/internal/network/utils.go:91.2,91.31 1 0
github.com/eislab-cps/go-template/internal/network/utils.go:91.31,93.17 2 0
github.com/eislab-cps/go-template/internal/network/utils.go:93.17,94.12 1 0
github.com/eislab-cps/go-template/internal/network/utils.go:96.3,96.30 1 0
github.com/eislab-cps/go-template/internal/network/utils.go:96.30,97.68 1 0
github.com/eislab-cps/go-template/internal/network/utils.go:97.68,98.30 1 0
github.com/eislab-cps/go-template/internal/network/utils.go:98.30,100.6 1 0
github.com/eislab-cps/go-template/internal/network/utils.go:105.2,105.25 1 0
github.com/eislab-cps/go-template/internal/network/utils.go:109.56,111.16 2 0
github.com/eislab-cps/go-template/internal/network/utils.go:111.16,113.3 1 0
github.com/eislab-cps/go-template/internal/network/utils.go:114.2,123.23 3 0
github.com/eislab-cps/go-template/internal/node/bucket.go:15.26,19.2 3 1
github.com/eislab-cps/go-template/internal/node/bucket.go:21.44,26.27 4 1
github.com/eislab-cps/go-template/internal/node/bucket.go:26.27,27.35 1 1
github.com/eislab-cps/go-template/internal/node/bucket.go:27.35,29.9 2 1
github.com/eislab-cps/go-template/internal/node/bucket.go:33.2,33.17 1 1
github.com/eislab-cps/go-template/internal/node/bucket.go:33.17,34.17 1 1
github.com/eislab-cps/go-template/internal/node/bucket.go:34.17,37.4 1 1
github.com/eislab-cps/go-template/internal/node/bucket.go:38.3,38.49 1 1
github.com/eislab-cps/go-template/internal/node/bucket.go:39.8,41.3 1 1
github.com/eislab-cps/go-template/internal/node/bucket.go:44.47,48.27 3 1
github.com/eislab-cps/go-template/internal/node/bucket.go:48.27,49.35 1 1
github.com/eislab-cps/go-template/internal/node/bucket.go:49.35,51.9 2 1
github.com/eislab-cps/go-template/internal/node/bucket.go:57.47,61.27 3 1
github.com/eislab-cps/go-template/internal/node/bucket.go:61.27,62.35 1 1
github.com/eislab-cps/go-template/internal/node/bucket.go:62.35,64.4 1 1
github.com/eislab-cps/go-template/internal/node/bucket.go:66.2,66.14 1 1
github.com/eislab-cps/go-template/internal/node/bucket.go:70.37,71.22 1 1
github.com/eislab-cps/go-template/internal/node/bucket.go:71.22,73.3 1 1
github.com/eislab-cps/go-template/internal/node/bucket.go:74.2,74.18 1 1
github.com/eislab-cps/go-template/internal/node/bucket.go:78.36,79.22 1 1
github.com/eislab-cps/go-template/internal/node/bucket.go:79.22,81.3 1 0
github.com/eislab-cps/go-template/internal/node/bucket.go:82.2,82.30 1 1
github.com/eislab-cps/go-template/internal/node/bucket.go:87.44,92.32 4 1
github.com/eislab-cps/go-template/internal/node/bucket.go:92.32,94.3 1 1
github.com/eislab-cps/go-template/internal/node/bucket.go:95.2,95.17 1 1
github.com/eislab-cps/go-template/internal/node/bucket.go:99.28,101.2 1 1
github.com/eislab-cps/go-template/internal/node/bucket.go:104.32,106.2 1 1
github.com/eislab-cps/go-template/internal/node/bucket.go:109.49,111.2 1 0
github.com/eislab-cps/go-template/internal/node/bucket.go:114.50,115.27 1 1
github.com/eislab-cps/go-template/internal/node/bucket.go:115.27,116.35 1 1
github.com/eislab-cps/go-template/internal/node/bucket.go:116.35,121.4 4 1
github.com/eislab-cps/go-template/internal/node/bucket.go:123.2,123.14 1 0
github.com/eislab-cps/go-template/internal/node/handlers.go:11.50,15.21 4 0
github.com/eislab-cps/go-template/internal/node/handlers.go:15.21,22.3 4 0
github.com/eislab-cps/go-template/internal/node/handlers.go:23.2,23.12 1 0
github.com/eislab-cps/go-template/internal/node/handlers.go:26.49,34.2 3 0
github.com/eislab-cps/go-template/internal/node/handlers.go:36.49,43.2 3 0
github.com/eislab-cps/go-template/internal/node/handlers.go:45.53,67.2 7 0
github.com/eislab-cps/go-template/internal/node/handlers.go:69.61,79.58 4 0
github.com/eislab-cps/go-template/internal/node/handlers.go:79.58,80.10 1 0
github.com/eislab-cps/go-template/internal/node/handlers.go:81.28,82.62 1 0
github.com/eislab-cps/go-template/internal/node/handlers.go:83.11,84.59 1 0
github.com/eislab-cps/go-template/internal/node/handlers.go:86.3,87.13 2 0
github.com/eislab-cps/go-template/internal/node/handlers.go:89.2,93.19 3 0
github.com/eislab-cps/go-template/internal/node/handlers.go:93.19,95.17 2 0
github.com/eislab-cps/go-template/internal/node/handlers.go:95.17,97.4 1 0
github.com/eislab-cps/go-template/internal/node/handlers.go:98.3,98.29 1 0
github.com/eislab-cps/go-template/internal/node/handlers.go:98.29,100.4 1 0
github.com/eislab-cps/go-template/internal/node/handlers.go:102.2,102.12 1 0
github.com/eislab-cps/go-template/internal/node/handlers.go:105.54,115.48 5 0
github.com/eislab-cps/go-template/internal/node/handlers.go:115.48,118.3 2 0
github.com/eislab-cps/go-template/internal/node/handlers.go:118.8,123.3 4 0
github.com/eislab-cps/go-template/internal/node/handlers.go:126.2,136.42 2 0
github.com/eislab-cps/go-template/internal/node/handlers.go:139.62,153.58 5 0
github.com/eislab-cps/go-template/internal/node/handlers.go:153.58,154.10 1 0
github.com/eislab-cps/go-template/internal/node/handlers.go:155.28,156.52 1 0
github.com/eislab-cps/go-template/internal/node/handlers.go:157.11,158.59 1 0
github.com/eislab-cps/go-template/internal/node/handlers.go:160.3,161.13 2 0
github.com/eislab-cps/go-template/internal/node/handlers.go:163.2,167.42 3 0
github.com/eislab-cps/go-template/internal/node/handlers.go:167.42,170.3 2 0
github.com/eislab-cps/go-template/internal/node/handlers.go:173.2,175.16 3 0
github.com/eislab-cps/go-template/internal/node/handlers.go:175.16,177.3 1 0
github.com/eislab-cps/go-template/internal/node/handlers.go:179.2,180.33 2 0
github.com/eislab-cps/go-template/internal/node/handlers.go:180.33,184.3 2 0
github.com/eislab-cps/go-template/internal/node/handlers.go:186.2,186.12 1 0
github.com/eislab-cps/go-template/internal/node/message.go:9.55,13.9 1 0
github.com/eislab-cps/go-template/internal/node/message.go:14.33,18.28 2 0
github.com/eislab-cps/go-template/internal/node/message.go:18.28,19.17 1 0
github.com/eislab-cps/go-template/internal/node/message.go:19.17,23.5 2 0
github.com/eislab-cps/go-template/internal/node/message.go:25.4,25.28 1 0
github.com/eislab-cps/go-template/internal/node/message.go:28.10,31.23 2 0
github.com/eislab-cps/go-template/internal/node/message.go:36.43,39.37 2 0
github.com/eislab-cps/go-template/internal/node/message.go:39.37,40.10 1 0
github.com/eislab-cps/go-template/internal/node/message.go:41.18,41.18 0 0
github.com/eislab-cps/go-template/internal/node/message.go:43.11,43.11 0 0
github.com/eislab-cps/go-template/internal/node/message.go:46.3,48.9 3 0
github.com/eislab-cps/go-template/internal/node/message.go:51.2,53.19 3 0
github.com/eislab-cps/go-template/internal/node/message.go:53.19,55.3 1 0
github.com/eislab-cps/go-template/internal/node/message.go:59.2,61.13 3 0
github.com/eislab-cps/go-template/internal/node/message.go:61.13,63.3 1 0
github.com/eislab-cps/go-template/internal/node/message.go:64.2,67.30 2 0
github.com/eislab-cps/go-template/internal/node/message.go:67.30,68.38 1 0
github.com/eislab-cps/go-template/internal/node/message.go:68.38,70.4 1 0
github.com/eislab-cps/go-template/internal/node/message.go:72.8,75.3 1 0
github.com/eislab-cps/go-template/internal/node/node.go:38.40,42.2 3 1
github.com/eislab-cps/go-template/internal/node/node.go:45.54,49.2 3 1
github.com/eislab-cps/go-template/internal/node/node.go:52.61,57.2 4 1
github.com/eislab-cps/go-template/internal/node/node.go:59.62,61.53 1 1
github.com/eislab-cps/go-template/internal/node/node.go:61.53,63.3 1 1
github.com/eislab-cps/go-template/internal/node/node.go:64.2,67.54 2 0
github.com/eislab-cps/go-template/internal/node/node.go:67.54,69.3 1 0
github.com/eislab-cps/go-template/internal/node/node.go:70.2,71.23 2 0
github.com/eislab-cps/go-template/internal/node/node.go:78.60,82.16 3 1
github.com/eislab-cps/go-template/internal/node/node.go:82.16,84.3 1 0
github.com/eislab-cps/go-template/internal/node/node.go:86.2,88.43 3 1
github.com/eislab-cps/go-template/internal/node/node.go:88.43,90.3 1 0
github.com/eislab-cps/go-template/internal/node/node.go:92.2,93.44 2 1
github.com/eislab-cps/go-template/internal/node/node.go:93.44,95.3 1 0
github.com/eislab-cps/go-template/internal/node/node.go:97.2,113.18 4 1
github.com/eislab-cps/go-template/internal/node/node.go:115.35,123.2 7 1
github.com/eislab-cps/go-template/internal/node/node.go:125.42,127.43 2 0
github.com/eislab-cps/go-template/internal/node/node.go:127.43,128.20 1 0
github.com/eislab-cps/go-template/internal/node/node.go:128.20,131.4 1 0
github.com/eislab-cps/go-template/internal/node/node.go:133.2,133.17 1 0
github.com/eislab-cps/go-template/internal/node/node.go:137.56,142.16 3 0
github.com/eislab-cps/go-template/internal/node/node.go:142.16,144.3 1 0
github.com/eislab-cps/go-template/internal/node/node.go:147.2,151.16 3 0
github.com/eislab-cps/go-template/internal/node/node.go:151.16,153.3 1 0
github.com/eislab-cps/go-template/internal/node/node.go:156.2,160.26 3 0
github.com/eislab-cps/go-template/internal/node/node.go:160.26,162.3 1 0
github.com/eislab-cps/go-template/internal/node/node.go:163.2,164.16 2 0
github.com/eislab-cps/go-template/internal/node/node.go:164.16,166.3 1 0
github.com/eislab-cps/go-template/internal/node/node.go:168.2,168.12 1 0
github.com/eislab-cps/go-template/internal/node/node.go:172.63,176.2 3 1
github.com/eislab-cps/go-template/internal/node/node.go:179.24,180.14 1 1
github.com/eislab-cps/go-template/internal/node/node.go:180.14,182.3 1 0
github.com/eislab-cps/go-template/internal/node/node.go:183.2,183.25 1 1
github.com/eislab-cps/go-template/internal/node/node.go:183.25,186.3 2 0
github.com/eislab-cps/go-template/internal/node/node.go:188.2,188.6 1 1
github.com/eislab-cps/go-template/internal/node/node.go:188.6,191.15 2 1
github.com/eislab-cps/go-template/internal/node/node.go:191.15,194.4 2 0
github.com/eislab-cps/go-template/internal/node/node.go:195.3,199.17 3 1
github.com/eislab-cps/go-template/internal/node/node.go:199.17,201.17 2 1
github.com/eislab-cps/go-template/internal/node/node.go:201.17,203.5 1 0
github.com/eislab-cps/go-template/internal/node/node.go:204.4,205.9 2 1
github.com/eislab-cps/go-template/internal/node/node.go:208.3,208.35 1 0
github.com/eislab-cps/go-template/internal/node/node.go:210.2,212.41 3 1
github.com/eislab-cps/go-template/internal/node/node.go:216.68,227.2 2 1
github.com/eislab-cps/go-template/internal/node/node.go:229.30,246.2 9 1
github.com/eislab-cps/go-template/internal/node/node.go:249.34,251.2 1 1
github.com/eislab-cps/go-template/internal/node/node.go:253.45,255.2 1 1
github.com/eislab-cps/go-template/internal/node/nodelookup.go:16.62,19.2 2 0
github.com/eislab-cps/go-template/internal/node/nodelookup.go:21.55,25.29 4 1
github.com/eislab-cps/go-template/internal/node/nodelookup.go:25.29,27.3 1 1
github.com/eislab-cps/go-template/internal/node/nodelookup.go:28.2,29.14 2 1
github.com/eislab-cps/go-template/internal/node/nodelookup.go:31.57,35.29 4 1
github.com/eislab-cps/go-template/internal/node/nodelookup.go:35.29,37.3 1 1
github.com/eislab-cps/go-template/internal/node/nodelookup.go:38.2,39.29 2 1
github.com/eislab-cps/go-template/internal/node/nodelookup.go:39.29,42.17 3 1
github.com/eislab-cps/go-template/internal/node/nodelookup.go:42.17,44.4 1 0
github.com/eislab-cps/go-template/internal/node/nodelookup.go:44.9,46.4 1 1
github.com/eislab-cps/go-template/internal/node/nodelookup.go:51.83,61.6 5 1
github.com/eislab-cps/go-template/internal/node/nodelookup.go:61.6,64.34 3 1
github.com/eislab-cps/go-template/internal/node/nodelookup.go:64.34,66.4 1 1
github.com/eislab-cps/go-template/internal/node/nodelookup.go:67.3,71.31 3 1
github.com/eislab-cps/go-template/internal/node/nodelookup.go:71.31,72.57 1 1
github.com/eislab-cps/go-template/internal/node/nodelookup.go:72.57,75.5 2 1
github.com/eislab-cps/go-template/internal/node/nodelookup.go:78.3,78.24 1 1
github.com/eislab-cps/go-template/internal/node/nodelookup.go:78.24,79.9 1 1
github.com/eislab-cps/go-template/internal/node/nodelookup.go:83.3,86.35 3 1
github.com/eislab-cps/go-template/internal/node/nodelookup.go:86.35,88.22 2 1
github.com/eislab-cps/go-template/internal/node/nodelookup.go:88.22,91.5 2 1
github.com/eislab-cps/go-template/internal/node/nodelookup.go:94.3,104.35 4 1
github.com/eislab-cps/go-template/internal/node/nodelookup.go:104.35,105.20 1 1
github.com/eislab-cps/go-template/internal/node/nodelookup.go:105.20,107.5 1 0
github.com/eislab-cps/go-template/internal/node/nodelookup.go:108.4,108.29 1 1
github.com/eislab-cps/go-template/internal/node/nodelookup.go:108.29,110.5 1 0
github.com/eislab-cps/go-template/internal/node/nodelookup.go:111.4,112.24 2 1
github.com/eislab-cps/go-template/internal/node/nodelookup.go:114.3,114.12 1 1
github.com/eislab-cps/go-template/internal/node/nodelookup.go:114.12,116.4 1 0
github.com/eislab-cps/go-template/internal/node/nodelookup.go:119.3,119.24 1 1
github.com/eislab-cps/go-template/internal/node/nodelookup.go:119.24,121.4 1 0
github.com/eislab-cps/go-template/internal/node/nodelookup.go:126.3,127.25 2 1
github.com/eislab-cps/go-template/internal/node/nodelookup.go:127.25,129.4 1 1
github.com/eislab-cps/go-template/internal/node/nodelookup.go:132.3,136.25 3 1
github.com/eislab-cps/go-template/internal/node/nodelookup.go:136.25,138.4 1 0
github.com/eislab-cps/go-template/internal/node/nodelookup.go:141.2,141.30 1 1
github.com/eislab-cps/go-template/internal/node/nodelookup.go:144.38,145.18 1 1
github.com/eislab-cps/go-template/internal/node/nodelookup.go:145.18,147.3 1 0
github.com/eislab-cps/go-template/internal/node/nodelookup.go:148.2,150.23 3 1
github.com/eislab-cps/go-template/internal/node/nodelookup.go:150.23,152.27 2 1
github.com/eislab-cps/go-template/internal/node/nodelookup.go:152.27,153.12 1 1
github.com/eislab-cps/go-template/internal/node/nodelookup.go:155.3,156.23 2 1
github.com/eislab-cps/go-template/internal/node/nodelookup.go:158.2,158.12 1 1
github.com/eislab-cps/go-template/internal/node/nodelookup.go:161.68,164.40 2 1
github.com/eislab-cps/go-template/internal/node/nodelookup.go:164.40,168.3 3 1
github.com/eislab-cps/go-template/internal/node/nodelookup.go:170.2,170.14 1 1
github.com/eislab-cps/go-template/internal/node/nodelookup.go:179.82,181.15 2 1
github.com/eislab-cps/go-template/internal/node/nodelookup.go:181.15,183.3 1 0
github.com/eislab-cps/go-template/internal/node/nodelookup.go:186.2,192.22 5 1
github.com/eislab-cps/go-template/internal/node/nodelookup.go:192.22,194.3 1 0
github.com/eislab-cps/go-template/internal/node/nodelookup.go:195.2,197.15 3 1
github.com/eislab-cps/go-template/internal/node/nodelookup.go:197.15,201.3 3 1
github.com/eislab-cps/go-template/internal/node/nodelookup.go:204.2,213.47 2 1
github.com/eislab-cps/go-template/internal/node/nodelookup.go:213.47,215.3 1 0
github.com/eislab-cps/go-template/internal/node/nodelookup.go:218.2,218.9 1 1
github.com/eislab-cps/go-template/internal/node/nodelookup.go:219.24,220.49 1 0
github.com/eislab-cps/go-template/internal/node/nodelookup.go:221.37,223.35 2 1
github.com/eislab-cps/go-template/internal/node/nodelookup.go:227.78,231.55 3 0
github.com/eislab-cps/go-template/internal/node/nodelookup.go:231.55,234.3 2 0
github.com/eislab-cps/go-template/internal/node/nodelookup.go:237.2,238.16 2 0
github.com/eislab-cps/go-template/internal/node/nodelookup.go:238.16,241.3 2 0
github.com/eislab-cps/go-template/internal/node/nodelookup.go:243.2,244.48 2 0
github.com/eislab-cps/go-template/internal/node/routingtable.go:21.47,25.28 2 1
github.com/eislab-cps/go-template/internal/node/routingtable.go:25.28,29.3 1 1
github.com/eislab-cps/go-template/internal/node/routingtable.go:30.2,30.11 1 1
github.com/eislab-cps/go-template/internal/node/routingtable.go:33.65,44.36 6 1
github.com/eislab-cps/go-template/internal/node/routingtable.go:44.36,45.39 1 1
github.com/eislab-cps/go-template/internal/node/routingtable.go:45.39,48.4 2 1
github.com/eislab-cps/go-template/internal/node/routingtable.go:51.2,51.38 1 1
github.com/eislab-cps/go-template/internal/node/routingtable.go:51.38,53.3 1 1
github.com/eislab-cps/go-template/internal/node/routingtable.go:55.2,56.41 2 1
github.com/eislab-cps/go-template/internal/node/routingtable.go:56.41,58.3 1 1
github.com/eislab-cps/go-template/internal/node/routingtable.go:59.2,59.15 1 1
github.com/eislab-cps/go-template/internal/node/routingtable.go:62.52,65.39 2 1
github.com/eislab-cps/go-template/internal/node/routingtable.go:65.39,67.3 1 1
github.com/eislab-cps/go-template/internal/node/routingtable.go:68.2,68.36 1 1
github.com/eislab-cps/go-template/internal/node/routingtable.go:68.36,69.33 1 1
github.com/eislab-cps/go-template/internal/node/routingtable.go:69.33,70.37 1 1
github.com/eislab-cps/go-template/internal/node/routingtable.go:70.37,72.5 1 0
github.com/eislab-cps/go-template/internal/node/routingtable.go:75.2,81.28 5 1
github.com/eislab-cps/go-template/internal/node/routingtable.go:84.55,88.2 3 1
github.com/eislab-cps/go-template/internal/node/routingtable.go:90.69,92.26 2 1
github.com/eislab-cps/go-template/internal/node/routingtable.go:92.26,94.3 1 1
github.com/eislab-cps/go-template/internal/node/routingtable.go:96.2,100.15 3 1
github.com/eislab-cps/go-template/internal/node/routingtable.go:100.15,102.3 1 0
github.com/eislab-cps/go-template/internal/node/routingtable.go:103.2,103.25 1 1
github.com/eislab-cps/go-template/internal/node/routingtable.go:103.25,105.3 1 0
github.com/eislab-cps/go-template/internal/node/routingtable.go:106.2,106.14 1 1
github.com/eislab-cps/go-template/internal/node/serialization.go:12.55,13.16 1 0
github.com/eislab-cps/go-template/internal/node/serialization.go:13.16,15.3 1 0
github.com/eislab-cps/go-template/internal/node/serialization.go:17.2,20.29 3 0
github.com/eislab-cps/go-template/internal/node/serialization.go:20.29,22.27 2 0
github.com/eislab-cps/go-template/internal/node/serialization.go:22.27,23.12 1 0
github.com/eislab-cps/go-template/internal/node/serialization.go:26.3,28.17 3 0
github.com/eislab-cps/go-template/internal/node/serialization.go:28.17,29.12 1 0
github.com/eislab-cps/go-template/internal/node/serialization.go:32.3,33.17 2 0
github.com/eislab-cps/go-template/internal/node/serialization.go:33.17,34.12 1 0
github.com/eislab-cps/go-template/internal/node/serialization.go:37.3,42.36 2 0
github.com/eislab-cps/go-template/internal/node/serialization.go:45.2,45.21 1 0
github.com/eislab-cps/go-template/internal/node/serialization.go:48.47,50.33 2 0
github.com/eislab-cps/go-template/internal/node/serialization.go:50.33,56.3 2 0
github.com/eislab-cps/go-template/internal/node/serialization.go:57.2,57.33 1 0
github.com/eislab-cps/go-template/internal/network/network.go:56.34,62.2 1 1
github.com/eislab-cps/go-template/internal/network/network.go:65.63,67.16 2 1
github.com/eislab-cps/go-template/internal/network/network.go:67.16,69.3 1 0
github.com/eislab-cps/go-template/internal/network/network.go:71.2,72.16 2 1
github.com/eislab-cps/go-template/internal/network/network.go:72.16,74.3 1 0
github.com/eislab-cps/go-template/internal/network/network.go:76.2,81.8 1 1
github.com/eislab-cps/go-template/internal/network/network.go:85.61,87.19 1 1
github.com/eislab-cps/go-template/internal/network/network.go:87.19,88.65 1 1
github.com/eislab-cps/go-template/internal/network/network.go:88.65,90.4 1 1
github.com/eislab-cps/go-template/internal/network/network.go:93.2,94.16 2 1
github.com/eislab-cps/go-template/internal/network/network.go:94.16,96.3 1 0
github.com/eislab-cps/go-template/internal/network/network.go:99.2,100.16 2 1
github.com/eislab-cps/go-template/internal/network/network.go:100.16,102.3 1 0
github.com/eislab-cps/go-template/internal/network/network.go:105.2,113.8 2 1
github.com/eislab-cps/go-template/internal/network/network.go:117.58,122.30 4 1
github.com/eislab-cps/go-template/internal/network/network.go:122.30,124.3 1 1
github.com/eislab-cps/go-template/internal/network/network.go:125.2,125.30 1 1
github.com/eislab-cps/go-template/internal/network/network.go:125.30,127.3 1 1
github.com/eislab-cps/go-template/internal/network/network.go:131.29,135.2 3 1
github.com/eislab-cps/go-template/internal/network/network.go:138.59,142.16 2 1
github.com/eislab-cps/go-template/internal/network/network.go:142.16,144.3 1 0
github.com/eislab-cps/go-template/internal/network/network.go:145.2,156.31 3 1
github.com/eislab-cps/go-template/internal/network/network.go:160.58,162.2 1 1
github.com/eislab-cps/go-template/internal/network/udp.go:23.49,26.16 3 1
github.com/eislab-cps/go-template/internal/network/udp.go:26.16,28.3 1 0
github.com/eislab-cps/go-template/internal/network/udp.go:29.2,29.17 1 1
github.com/eislab-cps/go-template/internal/network/udp.go:29.17,32.3 2 1
github.com/eislab-cps/go-template/internal/network/udp.go:33.2,34.16 2 1
github.com/eislab-cps/go-template/internal/network/udp.go:34.16,36.3 1 0
github.com/eislab-cps/go-template/internal/network/udp.go:37.2,38.12 2 1
github.com/eislab-cps/go-template/internal/network/udp.go:42.49,44.17 2 1
github.com/eislab-cps/go-template/internal/network/udp.go:44.17,46.17 2 1
github.com/eislab-cps/go-template/internal/network/udp.go:46.17,48.4 1 1
github.com/eislab-cps/go-template/internal/network/udp.go:49.3,50.53 2 0
github.com/eislab-cps/go-template/internal/network/udp.go:50.53,52.4 1 0
github.com/eislab-cps/go-template/internal/network/udp.go:53.3,61.9 1 0
github.com/eislab-cps/go-template/internal/network/udp.go:63.2,64.16 2 1
github.com/eislab-cps/go-template/internal/network/udp.go:64.16,66.3 1 1
github.com/eislab-cps/go-template/internal/network/udp.go:67.2,68.52 2 1
github.com/eislab-cps/go-template/internal/network/udp.go:68.52,70.3 1 0
github.com/eislab-cps/go-template/internal/network/udp.go:71.2,79.8 1 1
github.com/eislab-cps/go-template/internal/network/udp.go:83.39,84.31 1 1
github.com/eislab-cps/go-template/internal/network/udp.go:84.31,86.3 1 0
github.com/eislab-cps/go-template/internal/network/udp.go:87.2,87.23 1 1
github.com/eislab-cps/go-template/internal/network/udp.go:91.46,92.31 1 1
github.com/eislab-cps/go-template/internal/network/udp.go:92.31,94.3 1 0
github.com/eislab-cps/go-template/internal/network/udp.go:95.2,95.27 1 1
github.com/eislab-cps/go-template/internal/network/utils.go:20.55,22.16 2 0
github.com/eislab-cps/go-template/internal/network/utils.go:22.16,24.3 1 0
github.com/eislab-cps/go-template/internal/network/utils.go:25.2,25.18 1 0
github.com/eislab-cps/go-template/internal/network/utils.go:28.55,30.46 2 0
github.com/eislab-cps/go-template/internal/network/utils.go:30.46,32.3 1 0
github.com/eislab-cps/go-template/internal/network/utils.go:33.2,33.15 1 0
github.com/eislab-cps/go-template/internal/network/utils.go:37.45,38.14 1 1
github.com/eislab-cps/go-template/internal/network/utils.go:38.14,40.3 1 1
github.com/eislab-cps/go-template/internal/network/utils.go:41.2,41.36 1 1
github.com/eislab-cps/go-template/internal/network/utils.go:41.36,43.3 1 1
github.com/eislab-cps/go-template/internal/network/utils.go:45.2,46.16 2 0
github.com/eislab-cps/go-template/internal/network/utils.go:46.16,48.3 1 0
github.com/eislab-cps/go-template/internal/network/utils.go:49.2,51.35 3 0
github.com/eislab-cps/go-template/internal/network/utils.go:55.35,57.16 2 1
github.com/eislab-cps/go-template/internal/network/utils.go:57.16,60.3 1 0
github.com/eislab-cps/go-template/internal/network/utils.go:61.2,64.35 3 1
github.com/eislab-cps/go-template/internal/network/utils.go:67.43,69.16 2 0
github.com/eislab-cps/go-template/internal/network/utils.go:69.16,71.3 1 0
github.com/eislab-cps/go-template/internal/network/utils.go:74.2,74.31 1 0
github.com/eislab-cps/go-template/internal/network/utils.go:74.31,75.23 1 0
github.com/eislab-cps/go-template/internal/network/utils.go:75.23,77.18 2 0
github.com/eislab-cps/go-template/internal/network/utils.go:77.18,78.13 1 0
github.com/eislab-cps/go-template/internal/network/utils.go:80.4,80.31 1 0
github.com/eislab-cps/go-template/internal/network/utils.go:80.31,81.69 1 0
github.com/eislab-cps/go-template/internal/network/utils.go:81.69,82.31 1 0
github.com/eislab-cps/go-template/internal/network/utils.go:82.31,84.7 1 0
github.com/eislab-cps/go-template/internal/network/utils.go:91.2,91.31 1 0
github.com/eislab-cps/go-template/internal/network/utils.go:91.31,93.17 2 0
github.com/eislab-cps/go-template/internal/network/utils.go:93.17,94.12 1 0
github.com/eislab-cps/go-template/internal/network/utils.go:96.3,96.30 1 0
github.com/eislab-cps/go-template/internal/network/utils.go:96.30,97.68 1 0
github.com/eislab-cps/go-template/internal/network/utils.go:97.68,98.30 1 0
github.com/eislab-cps/go-template/internal/network/utils.go:98.30,100.6 1 0
github.com/eislab-cps/go-template/internal/network/utils.go:105.2,105.25 1 0
github.com/eislab-cps/go-template/internal/network/utils.go:109.56,111.16 2 1
github.com/eislab-cps/go-template/internal/network/utils.go:111.16,113.3 1 0
github.com/eislab-cps/go-template/internal/network/utils.go:114.2,123.23 3 1
github.com/eislab-cps/go-template/internal/node/bucket.go:15.26,19.2 3 0
github.com/eislab-cps/go-template/internal/node/bucket.go:21.44,26.27 4 1
github.com/eislab-cps/go-template/internal/node/bucket.go:26.27,27.35 1 1
github.com/eislab-cps/go-template/internal/node/bucket.go:27.35,29.9 2 0
github.com/eislab-cps/go-template/internal/node/bucket.go:33.2,33.17 1 1
github.com/eislab-cps/go-template/internal/node/bucket.go:33.17,34.17 1 1
github.com/eislab-cps/go-template/internal/node/bucket.go:34.17,37.4 1 0
github.com/eislab-cps/go-template/internal/node/bucket.go:38.3,38.49 1 1
github.com/eislab-cps/go-template/internal/node/bucket.go:39.8,41.3 1 0
github.com/eislab-cps/go-template/internal/node/bucket.go:44.47,48.27 3 0
github.com/eislab-cps/go-template/internal/node/bucket.go:48.27,49.35 1 0
github.com/eislab-cps/go-template/internal/node/bucket.go:49.35,51.9 2 0
github.com/eislab-cps/go-template/internal/node/bucket.go:57.47,61.27 3 0
github.com/eislab-cps/go-template/internal/node/bucket.go:61.27,62.35 1 0
github.com/eislab-cps/go-template/internal/node/bucket.go:62.35,64.4 1 0
github.com/eislab-cps/go-template/internal/node/bucket.go:66.2,66.14 1 0
github.com/eislab-cps/go-template/internal/node/bucket.go:70.37,71.22 1 0
github.com/eislab-cps/go-template/internal/node/bucket.go:71.22,73.3 1 0
github.com/eislab-cps/go-template/internal/node/bucket.go:74.2,74.18 1 0
github.com/eislab-cps/go-template/internal/node/bucket.go:78.36,79.22 1 0
github.com/eislab-cps/go-template/internal/node/bucket.go:79.22,81.3 1 0
github.com/eislab-cps/go-template/internal/node/bucket.go:82.2,82.30 1 0
github.com/eislab-cps/go-template/internal/node/bucket.go:87.44,92.32 4 1
github.com/eislab-cps/go-template/internal/node/bucket.go:92.32,94.3 1 1
github.com/eislab-cps/go-template/internal/node/bucket.go:95.2,95.17 1 1
github.com/eislab-cps/go-template/internal/node/bucket.go:99.28,101.2 1 0
github.com/eislab-cps/go-template/internal/node/bucket.go:104.32,106.2 1 1
github.com/eislab-cps/go-template/internal/node/bucket.go:109.49,111.2 1 0
github.com/eislab-cps/go-template/internal/node/bucket.go:114.50,115.27 1 0
github.com/eislab-cps/go-template/internal/node/bucket.go:115.27,116.35 1 0
github.com/eislab-cps/go-template/internal/node/bucket.go:116.35,121.4 4 0
github.com/eislab-cps/go-template/internal/node/bucket.go:123.2,123.14 1 0
github.com/eislab-cps/go-template/internal/node/handlers.go:11.50,15.21 4 0
github.com/eislab-cps/go-template/internal/node/handlers.go:15.21,22.3 4 0
github.com/eislab-cps/go-template/internal/node/handlers.go:23.2,23.12 1 0
github.com/eislab-cps/go-template/internal/node/handlers.go:26.49,34.2 3 1
github.com/eislab-cps/go-template/internal/node/handlers.go:36.49,43.2 3 1
github.com/eislab-cps/go-template/internal/node/handlers.go:45.53,67.2 7 0
github.com/eislab-cps/go-template/internal/node/handlers.go:69.61,79.58 4 0
github.com/eislab-cps/go-template/internal/node/handlers.go:79.58,80.10 1 0
github.com/eislab-cps/go-template/internal/node/handlers.go:81.28,82.62 1 0
github.com/eislab-cps/go-template/internal/node/handlers.go:83.11,84.59 1 0
github.com/eislab-cps/go-template/internal/node/handlers.go:86.3,87.13 2 0
github.com/eislab-cps/go-template/internal/node/handlers.go:89.2,93.19 3 0
github.com/eislab-cps/go-template/internal/node/handlers.go:93.19,95.17 2 0
github.com/eislab-cps/go-template/internal/node/handlers.go:95.17,97.4 1 0
github.com/eislab-cps/go-template/internal/node/handlers.go:98.3,98.29 1 0
github.com/eislab-cps/go-template/internal/node/handlers.go:98.29,100.4 1 0
github.com/eislab-cps/go-template/internal/node/handlers.go:102.2,102.12 1 0
github.com/eislab-cps/go-template/internal/node/handlers.go:105.54,115.48 5 0
github.com/eislab-cps/go-template/internal/node/handlers.go:115.48,118.3 2 0
github.com/eislab-cps/go-template/internal/node/handlers.go:118.8,123.3 4 0
github.com/eislab-cps/go-template/internal/node/handlers.go:126.2,136.42 2 0
github.com/eislab-cps/go-template/internal/node/handlers.go:139.62,153.58 5 0
github.com/eislab-cps/go-template/internal/node/handlers.go:153.58,154.10 1 0
github.com/eislab-cps/go-template/internal/node/handlers.go:155.28,156.52 1 0
github.com/eislab-cps/go-template/internal/node/handlers.go:157.11,158.59 1 0
github.com/eislab-cps/go-template/internal/node/handlers.go:160.3,161.13 2 0
github.com/eislab-cps/go-template/internal/node/handlers.go:163.2,167.42 3 0
github.com/eislab-cps/go-template/internal/node/handlers.go:167.42,170.3 2 0
github.com/eislab-cps/go-template/internal/node/handlers.go:173.2,175.16 3 0
github.com/eislab-cps/go-template/internal/node/handlers.go:175.16,177.3 1 0
github.com/eislab-cps/go-template/internal/node/handlers.go:179.2,180.33 2 0
github.com/eislab-cps/go-template/internal/node/handlers.go:180.33,184.3 2 0
github.com/eislab-cps/go-template/internal/node/handlers.go:186.2,186.12 1 0
github.com/eislab-cps/go-template/internal/node/message.go:9.55,13.9 1 1
github.com/eislab-cps/go-template/internal/node/message.go:14.33,18.28 2 1
github.com/eislab-cps/go-template/internal/node/message.go:18.28,19.17 1 1
github.com/eislab-cps/go-template/internal/node/message.go:19.17,23.5 2 1
github.com/eislab-cps/go-template/internal/node/message.go:25.4,25.28 1 1
github.com/eislab-cps/go-template/internal/node/message.go:28.10,31.23 2 0
github.com/eislab-cps/go-template/internal/node/message.go:36.43,39.37 2 1
github.com/eislab-cps/go-template/internal/node/message.go:39.37,40.10 1 0
github.com/eislab-cps/go-template/internal/node/message.go:41.18,41.18 0 0
github.com/eislab-cps/go-template/internal/node/message.go:43.11,43.11 0 0
github.com/eislab-cps/go-template/internal/node/message.go:46.3,48.9 3 0
github.com/eislab-cps/go-template/internal/node/message.go:51.2,53.19 3 1
github.com/eislab-cps/go-template/internal/node/message.go:53.19,55.3 1 0
github.com/eislab-cps/go-template/internal/node/message.go:59.2,61.13 3 1
github.com/eislab-cps/go-template/internal/node/message.go:61.13,63.3 1 0
github.com/eislab-cps/go-template/internal/node/message.go:64.2,67.30 2 1
github.com/eislab-cps/go-template/internal/node/message.go:67.30,68.38 1 1
github.com/eislab-cps/go-template/internal/node/message.go:68.38,70.4 1 0
github.com/eislab-cps/go-template/internal/node/message.go:72.8,75.3 1 0
github.com/eislab-cps/go-template/internal/node/node.go:38.40,42.2 3 1
github.com/eislab-cps/go-template/internal/node/node.go:45.54,49.2 3 0
github.com/eislab-cps/go-template/internal/node/node.go:52.61,57.2 4 0
github.com/eislab-cps/go-template/internal/node/node.go:59.62,61.53 1 0
github.com/eislab-cps/go-template/internal/node/node.go:61.53,63.3 1 0
github.com/eislab-cps/go-template/internal/node/node.go:64.2,67.54 2 0
github.com/eislab-cps/go-template/internal/node/node.go:67.54,69.3 1 0
github.com/eislab-cps/go-template/internal/node/node.go:70.2,71.23 2 0
github.com/eislab-cps/go-template/internal/node/node.go:78.60,82.16 3 1
github.com/eislab-cps/go-template/internal/node/node.go:82.16,84.3 1 0
github.com/eislab-cps/go-template/internal/node/node.go:86.2,88.43 3 1
github.com/eislab-cps/go-template/internal/node/node.go:88.43,90.3 1 0
github.com/eislab-cps/go-template/internal/node/node.go:92.2,93.44 2 1
github.com/eislab-cps/go-template/internal/node/node.go:93.44,95.3 1 0
github.com/eislab-cps/go-template/internal/node/node.go:97.2,113.18 4 1
github.com/eislab-cps/go-template/internal/node/node.go:115.35,123.2 7 1
github.com/eislab-cps/go-template/internal/node/node.go:125.42,127.43 2 1
github.com/eislab-cps/go-template/internal/node/node.go:127.43,128.20 1 1
github.com/eislab-cps/go-template/internal/node/node.go:128.20,131.4 1 1
github.com/eislab-cps/go-template/internal/node/node.go:133.2,133.17 1 1
github.com/eislab-cps/go-template/internal/node/node.go:137.56,142.16 3 0
github.com/eislab-cps/go-template/internal/node/node.go:142.16,144.3 1 0
github.com/eislab-cps/go-template/internal/node/node.go:147.2,151.16 3 0
github.com/eislab-cps/go-template/internal/node/node.go:151.16,153.3 1 0
github.com/eislab-cps/go-template/internal/node/node.go:156.2,160.26 3 0
github.com/eislab-cps/go-template/internal/node/node.go:160.26,162.3 1 0
github.com/eislab-cps/go-template/internal/node/node.go:163.2,164.16 2 0
github.com/eislab-cps/go-template/internal/node/node.go:164.16,166.3 1 0
github.com/eislab-cps/go-template/internal/node/node.go:168.2,168.12 1 0
github.com/eislab-cps/go-template/internal/node/node.go:172.63,176.2 3 1
github.com/eislab-cps/go-template/internal/node/node.go:179.24,180.14 1 1
github.com/eislab-cps/go-template/internal/node/node.go:180.14,182.3 1 0
github.com/eislab-cps/go-template/internal/node/node.go:183.2,183.25 1 1
github.com/eislab-cps/go-template/internal/node/node.go:183.25,186.3 2 0
github.com/eislab-cps/go-template/internal/node/node.go:188.2,188.6 1 1
github.com/eislab-cps/go-template/internal/node/node.go:188.6,191.15 2 1
github.com/eislab-cps/go-template/internal/node/node.go:191.15,194.4 2 0
github.com/eislab-cps/go-template/internal/node/node.go:195.3,199.17 3 1
github.com/eislab-cps/go-template/internal/node/node.go:199.17,201.17 2 1
github.com/eislab-cps/go-template/internal/node/node.go:201.17,203.5 1 0
github.com/eislab-cps/go-template/internal/node/node.go:204.4,205.9 2 1
github.com/eislab-cps/go-template/internal/node/node.go:208.3,208.35 1 1
github.com/eislab-cps/go-template/internal/node/node.go:210.2,212.41 3 1
github.com/eislab-cps/go-template/internal/node/node.go:216.68,227.2 2 1
github.com/eislab-cps/go-template/internal/node/node.go:229.30,246.2 9 1
github.com/eislab-cps/go-template/internal/node/node.go:249.34,251.2 1 1
github.com/eislab-cps/go-template/internal/node/node.go:253.45,255.2 1 0
github.com/eislab-cps/go-template/internal/node/nodelookup.go:16.62,19.2 2 0
github.com/eislab-cps/go-template/internal/node/nodelookup.go:21.55,25.29 4 0
github.com/eislab-cps/go-template/internal/node/nodelookup.go:25.29,27.3 1 0
github.com/eislab-cps/go-template/internal/node/nodelookup.go:28.2,29.14 2 0
github.com/eislab-cps/go-template/internal/node/nodelookup.go:31.57,35.29 4 0
github.com/eislab-cps/go-template/internal/node/nodelookup.go:35.29,37.3 1 0
github.com/eislab-cps/go-template/internal/node/nodelookup.go:38.2,39.29 2 0
github.com/eislab-cps/go-template/internal/node/nodelookup.go:39.29,42.17 3 0
github.com/eislab-cps/go-template/internal/node/nodelookup.go:42.17,44.4 1 0
github.com/eislab-cps/go-template/internal/node/nodelookup.go:44.9,46.4 1 0
github.com/eislab-cps/go-template/internal/node/nodelookup.go:51.83,61.6 5 0
github.com/eislab-cps/go-template/internal/node/nodelookup.go:61.6,64.34 3 0
github.com/eislab-cps/go-template/internal/node/nodelookup.go:64.34,66.4 1 0
github.com/eislab-cps/go-template/internal/node/nodelookup.go:67.3,71.31 3 0
github.com/eislab-cps/go-template/internal/node/nodelookup.go:71.31,72.57 1 0
github.com/eislab-cps/go-template/internal/node/nodelookup.go:72.57,75.5 2 0
github.com/eislab-cps/go-template/internal/node/nodelookup.go:78.3,78.24 1 0
github.com/eislab-cps/go-template/internal/node/nodelookup.go:78.24,79.9 1 0
github.com/eislab-cps/go-template/internal/node/nodelookup.go:83.3,86.35 3 0
github.com/eislab-cps/go-template/internal/node/nodelookup.go:86.35,88.22 2 0
github.com/eislab-cps/go-template/internal/node/nodelookup.go:88.22,91.5 2 0
github.com/eislab-cps/go-template/internal/node/nodelookup.go:94.3,104.35 4 0
github.com/eislab-cps/go-template/internal/node/nodelookup.go:104.35,105.20 1 0
github.com/eislab-cps/go-template/internal/node/nodelookup.go:105.20,107.5 1 0
github.com/eislab-cps/go-template/internal/node/nodelookup.go:108.4,108.29 1 0
github.com/eislab-cps/go-template/internal/node/nodelookup.go:108.29,110.5 1 0
github.com/eislab-cps/go-template/internal/node/nodelookup.go:111.4,112.24 2 0
github.com/eislab-cps/go-template/internal/node/nodelookup.go:114.3,114.12 1 0
github.com/eislab-cps/go-template/internal/node/nodelookup.go:114.12,116.4 1 0
github.com/eislab-cps/go-template/internal/node/nodelookup.go:119.3,119.24 1 0
github.com/eislab-cps/go-template/internal/node/nodelookup.go:119.24,121.4 1 0
github.com/eislab-cps/go-template/internal/node/nodelookup.go:126.3,127.25 2 0
github.com/eislab-cps/go-template/internal/node/nodelookup.go:127.25,129.4 1 0
github.com/eislab-cps/go-template/internal/node/nodelookup.go:132.3,136.25 3 0
github.com/eislab-cps/go-template/internal/node/nodelookup.go:136.25,138.4 1 0
github.com/eislab-cps/go-template/internal/node/nodelookup.go:141.2,141.30 1 0
github.com/eislab-cps/go-template/internal/node/nodelookup.go:144.38,145.18 1 0
github.com/eislab-cps/go-template/internal/node/nodelookup.go:145.18,147.3 1 0
github.com/eislab-cps/go-template/internal/node/nodelookup.go:148.2,150.23 3 0
github.com/eislab-cps/go-template/internal/node/nodelookup.go:150.23,152.27 2 0
github.com/eislab-cps/go-template/internal/node/nodelookup.go:152.27,153.12 1 0
github.com/eislab-cps/go-template/internal/node/nodelookup.go:155.3,156.23 2 0
github.com/eislab-cps/go-template/internal/node/nodelookup.go:158.2,158.12 1 0
github.com/eislab-cps/go-template/internal/node/nodelookup.go:161.68,164.40 2 0
github.com/eislab-cps/go-template/internal/node/nodelookup.go:164.40,168.3 3 0
github.com/eislab-cps/go-template/internal/node/nodelookup.go:170.2,170.14 1 0
github.com/eislab-cps/go-template/internal/node/nodelookup.go:179.82,181.15 2 0
github.com/eislab-cps/go-template/internal/node/nodelookup.go:181.15,183.3 1 0
github.com/eislab-cps/go-template/internal/node/nodelookup.go:186.2,192.22 5 0
github.com/eislab-cps/go-template/internal/node/nodelookup.go:192.22,194.3 1 0
github.com/eislab-cps/go-template/internal/node/nodelookup.go:195.2,197.15 3 0
github.com/eislab-cps/go-template/internal/node/nodelookup.go:197.15,201.3 3 0
github.com/eislab-cps/go-template/internal/node/nodelookup.go:204.2,213.47 2 0
github.com/eislab-cps/go-template/internal/node/nodelookup.go:213.47,215.3 1 0
github.com/eislab-cps/go-template/internal/node/nodelookup.go:218.2,218.9 1 0
github.com/eislab-cps/go-template/internal/node/nodelookup.go:219.24,220.49 1 0
github.com/eislab-cps/go-template/internal/node/nodelookup.go:221.37,223.35 2 0
github.com/eislab-cps/go-template/internal/node/nodelookup.go:227.78,231.55 3 0
github.com/eislab-cps/go-template/internal/node/nodelookup.go:231.55,234.3 2 0
github.com/eislab-cps/go-template/internal/node/nodelookup.go:237.2,238.16 2 0
github.com/eislab-cps/go-template/internal/node/nodelookup.go:238.16,241.3 2 0
github.com/eislab-cps/go-template/internal/node/nodelookup.go:243.2,244.48 2 0
github.com/eislab-cps/go-template/internal/node/routingtable.go:21.47,25.28 2 1
github.com/eislab-cps/go-template/internal/node/routingtable.go:25.28,29.3 1 1
github.com/eislab-cps/go-template/internal/node/routingtable.go:30.2,30.11 1 1
github.com/eislab-cps/go-template/internal/node/routingtable.go:33.65,44.36 6 0
github.com/eislab-cps/go-template/internal/node/routingtable.go:44.36,45.39 1 0
github.com/eislab-cps/go-template/internal/node/routingtable.go:45.39,48.4 2 0
github.com/eislab-cps/go-template/internal/node/routingtable.go:51.2,51.38 1 0
github.com/eislab-cps/go-template/internal/node/routingtable.go:51.38,53.3 1 0
github.com/eislab-cps/go-template/internal/node/routingtable.go:55.2,56.41 2 0
github.com/eislab-cps/go-template/internal/node/routingtable.go:56.41,58.3 1 0
github.com/eislab-cps/go-template/internal/node/routingtable.go:59.2,59.15 1 0
github.com/eislab-cps/go-template/internal/node/routingtable.go:62.52,65.39 2 1
github.com/eislab-cps/go-template/internal/node/routingtable.go:65.39,67.3 1 0
github.com/eislab-cps/go-template/internal/node/routingtable.go:68.2,68.36 1 1
github.com/eislab-cps/go-template/internal/node/routingtable.go:68.36,69.33 1 1
github.com/eislab-cps/go-template/internal/node/routingtable.go:69.33,70.37 1 1
github.com/eislab-cps/go-template/internal/node/routingtable.go:70.37,72.5 1 0
github.com/eislab-cps/go-template/internal/node/routingtable.go:75.2,81.28 5 1
github.com/eislab-cps/go-template/internal/node/routingtable.go:84.55,88.2 3 0
github.com/eislab-cps/go-template/internal/node/routingtable.go:90.69,92.26 2 1
github.com/eislab-cps/go-template/internal/node/routingtable.go:92.26,94.3 1 0
github.com/eislab-cps/go-template/internal/node/routingtable.go:96.2,100.15 3 1
github.com/eislab-cps/go-template/internal/node/routingtable.go:100.15,102.3 1 0
github.com/eislab-cps/go-template/internal/node/routingtable.go:103.2,103.25 1 1
github.com/eislab-cps/go-template/internal/node/routingtable.go:103.25,105.3 1 0
github.com/eislab-cps/go-template/internal/node/routingtable.go:106.2,106.14 1 1
github.com/eislab-cps/go-template/internal/node/serialization.go:12.55,13.16 1 0
github.com/eislab-cps/go-template/internal/node/serialization.go:13.16,15.3 1 0
github.com/eislab-cps/go-template/internal/node/serialization.go:17.2,20.29 3 0
github.com/eislab-cps/go-template/internal/node/serialization.go:20.29,22.27 2 0
github.com/eislab-cps/go-template/internal/node/serialization.go:22.27,23.12 1 0
github.com/eislab-cps/go-template/internal/node/serialization.go:26.3,28.17 3 0
github.com/eislab-cps/go-template/internal/node/serialization.go:28.17,29.12 1 0
github.com/eislab-cps/go-template/internal/node/serialization.go:32.3,33.17 2 0
github.com/eislab-cps/go-template/internal/node/serialization.go:33.17,34.12 1 0
github.com/eislab-cps/go-template/internal/node/serialization.go:37.3,42.36 2 0
github.com/eislab-cps/go-template/internal/node/serialization.go:45.2,45.21 1 0
github.com/eislab-cps/go-template/internal/node/serialization.go:48.47,50.33 2 0
github.com/eislab-cps/go-template/internal/node/serialization.go:50.33,56.3 2 0
github.com/eislab-cps/go-template/internal/node/serialization.go:57.2,57.33 1 0
