mode: set
github.com/eislab-cps/go-template/internal/cli/cli.go:12.44,19.21 5 1
github.com/eislab-cps/go-template/internal/cli/cli.go:19.21,21.18 2 1
github.com/eislab-cps/go-template/internal/cli/cli.go:21.18,23.12 2 0
github.com/eislab-cps/go-template/internal/cli/cli.go:26.3,27.21 2 1
github.com/eislab-cps/go-template/internal/cli/cli.go:27.21,29.12 2 0
github.com/eislab-cps/go-template/internal/cli/cli.go:32.3,34.18 2 1
github.com/eislab-cps/go-template/internal/cli/cli.go:35.23,37.10 2 1
github.com/eislab-cps/go-template/internal/cli/cli.go:38.15,39.14 1 1
github.com/eislab-cps/go-template/internal/cli/cli.go:40.14,41.21 1 0
github.com/eislab-cps/go-template/internal/cli/cli.go:41.21,43.5 1 0
github.com/eislab-cps/go-template/internal/cli/cli.go:43.10,45.5 1 0
github.com/eislab-cps/go-template/internal/cli/cli.go:46.14,47.21 1 0
github.com/eislab-cps/go-template/internal/cli/cli.go:47.21,49.5 1 0
github.com/eislab-cps/go-template/internal/cli/cli.go:49.10,51.5 1 0
github.com/eislab-cps/go-template/internal/cli/cli.go:52.11,53.85 1 0
github.com/eislab-cps/go-template/internal/cli/cli.go:56.3,56.26 1 1
github.com/eislab-cps/go-template/internal/cli/cli.go:60.17,66.2 5 1
github.com/eislab-cps/go-template/internal/cli/get.go:7.29,8.24 1 1
github.com/eislab-cps/go-template/internal/cli/get.go:8.24,11.3 2 0
github.com/eislab-cps/go-template/internal/cli/get.go:13.2,15.9 1 1
github.com/eislab-cps/go-template/internal/cli/get.go:15.9,17.12 2 1
github.com/eislab-cps/go-template/internal/cli/get.go:17.12,19.4 1 1
github.com/eislab-cps/go-template/internal/cli/get.go:19.9,21.4 1 1
github.com/eislab-cps/go-template/internal/cli/get.go:22.3,22.27 1 1
github.com/eislab-cps/go-template/internal/cli/get.go:23.8,25.3 1 0
github.com/eislab-cps/go-template/internal/cli/put.go:8.29,9.24 1 1
github.com/eislab-cps/go-template/internal/cli/put.go:9.24,12.3 2 1
github.com/eislab-cps/go-template/internal/cli/put.go:14.2,16.79 2 1
github.com/eislab-cps/go-template/internal/cli/put.go:16.79,19.3 2 1
github.com/eislab-cps/go-template/internal/cli/put.go:19.8,21.3 1 0
github.com/eislab-cps/go-template/internal/network/network.go:56.34,62.2 1 1
github.com/eislab-cps/go-template/internal/network/network.go:65.63,67.16 2 1
github.com/eislab-cps/go-template/internal/network/network.go:67.16,69.3 1 0
github.com/eislab-cps/go-template/internal/network/network.go:71.2,72.16 2 1
github.com/eislab-cps/go-template/internal/network/network.go:72.16,74.3 1 0
github.com/eislab-cps/go-template/internal/network/network.go:76.2,81.8 1 1
github.com/eislab-cps/go-template/internal/network/network.go:85.61,87.19 1 1
github.com/eislab-cps/go-template/internal/network/network.go:87.19,88.65 1 1
github.com/eislab-cps/go-template/internal/network/network.go:88.65,90.4 1 1
github.com/eislab-cps/go-template/internal/network/network.go:93.2,94.16 2 1
github.com/eislab-cps/go-template/internal/network/network.go:94.16,96.3 1 0
github.com/eislab-cps/go-template/internal/network/network.go:99.2,100.16 2 1
github.com/eislab-cps/go-template/internal/network/network.go:100.16,102.3 1 0
github.com/eislab-cps/go-template/internal/network/network.go:105.2,113.8 2 1
github.com/eislab-cps/go-template/internal/network/network.go:117.58,122.30 4 1
github.com/eislab-cps/go-template/internal/network/network.go:122.30,124.3 1 1
github.com/eislab-cps/go-template/internal/network/network.go:125.2,125.30 1 1
github.com/eislab-cps/go-template/internal/network/network.go:125.30,127.3 1 1
github.com/eislab-cps/go-template/internal/network/network.go:131.29,135.2 3 1
github.com/eislab-cps/go-template/internal/network/network.go:138.59,142.16 2 1
github.com/eislab-cps/go-template/internal/network/network.go:142.16,144.3 1 0
github.com/eislab-cps/go-template/internal/network/network.go:145.2,156.31 3 1
github.com/eislab-cps/go-template/internal/network/network.go:160.58,162.2 1 1
github.com/eislab-cps/go-template/internal/network/udp.go:23.49,26.16 3 1
github.com/eislab-cps/go-template/internal/network/udp.go:26.16,28.3 1 0
github.com/eislab-cps/go-template/internal/network/udp.go:29.2,29.17 1 1
github.com/eislab-cps/go-template/internal/network/udp.go:29.17,32.3 2 1
github.com/eislab-cps/go-template/internal/network/udp.go:33.2,34.16 2 0
github.com/eislab-cps/go-template/internal/network/udp.go:34.16,36.3 1 0
github.com/eislab-cps/go-template/internal/network/udp.go:37.2,38.12 2 0
github.com/eislab-cps/go-template/internal/network/udp.go:42.49,44.17 2 1
github.com/eislab-cps/go-template/internal/network/udp.go:44.17,46.17 2 1
github.com/eislab-cps/go-template/internal/network/udp.go:46.17,48.4 1 1
github.com/eislab-cps/go-template/internal/network/udp.go:49.3,50.53 2 0
github.com/eislab-cps/go-template/internal/network/udp.go:50.53,52.4 1 0
github.com/eislab-cps/go-template/internal/network/udp.go:53.3,61.9 1 0
github.com/eislab-cps/go-template/internal/network/udp.go:63.2,64.16 2 1
github.com/eislab-cps/go-template/internal/network/udp.go:64.16,66.3 1 0
github.com/eislab-cps/go-template/internal/network/udp.go:67.2,68.52 2 1
github.com/eislab-cps/go-template/internal/network/udp.go:68.52,70.3 1 0
github.com/eislab-cps/go-template/internal/network/udp.go:71.2,79.8 1 1
github.com/eislab-cps/go-template/internal/network/udp.go:83.39,84.31 1 1
github.com/eislab-cps/go-template/internal/network/udp.go:84.31,86.3 1 0
github.com/eislab-cps/go-template/internal/network/udp.go:87.2,87.23 1 1
github.com/eislab-cps/go-template/internal/network/udp.go:91.46,92.31 1 1
github.com/eislab-cps/go-template/internal/network/udp.go:92.31,94.3 1 0
github.com/eislab-cps/go-template/internal/network/udp.go:95.2,95.27 1 1
github.com/eislab-cps/go-template/internal/network/utils.go:20.55,22.16 2 0
github.com/eislab-cps/go-template/internal/network/utils.go:22.16,24.3 1 0
github.com/eislab-cps/go-template/internal/network/utils.go:25.2,25.18 1 0
github.com/eislab-cps/go-template/internal/network/utils.go:28.55,30.46 2 0
github.com/eislab-cps/go-template/internal/network/utils.go:30.46,32.3 1 0
github.com/eislab-cps/go-template/internal/network/utils.go:33.2,33.15 1 0
github.com/eislab-cps/go-template/internal/network/utils.go:37.45,38.14 1 1
github.com/eislab-cps/go-template/internal/network/utils.go:38.14,40.3 1 1
github.com/eislab-cps/go-template/internal/network/utils.go:41.2,41.36 1 1
github.com/eislab-cps/go-template/internal/network/utils.go:41.36,43.3 1 1
github.com/eislab-cps/go-template/internal/network/utils.go:45.2,46.16 2 0
github.com/eislab-cps/go-template/internal/network/utils.go:46.16,48.3 1 0
github.com/eislab-cps/go-template/internal/network/utils.go:49.2,51.35 3 0
github.com/eislab-cps/go-template/internal/network/utils.go:55.35,57.16 2 1
github.com/eislab-cps/go-template/internal/network/utils.go:57.16,60.3 1 0
github.com/eislab-cps/go-template/internal/network/utils.go:61.2,64.35 3 1
github.com/eislab-cps/go-template/internal/network/utils.go:67.43,69.16 2 0
github.com/eislab-cps/go-template/internal/network/utils.go:69.16,71.3 1 0
github.com/eislab-cps/go-template/internal/network/utils.go:74.2,74.31 1 0
github.com/eislab-cps/go-template/internal/network/utils.go:74.31,75.23 1 0
github.com/eislab-cps/go-template/internal/network/utils.go:75.23,77.18 2 0
github.com/eislab-cps/go-template/internal/network/utils.go:77.18,78.13 1 0
github.com/eislab-cps/go-template/internal/network/utils.go:80.4,80.31 1 0
github.com/eislab-cps/go-template/internal/network/utils.go:80.31,81.69 1 0
github.com/eislab-cps/go-template/internal/network/utils.go:81.69,82.31 1 0
github.com/eislab-cps/go-template/internal/network/utils.go:82.31,84.7 1 0
github.com/eislab-cps/go-template/internal/network/utils.go:91.2,91.31 1 0
github.com/eislab-cps/go-template/internal/network/utils.go:91.31,93.17 2 0
github.com/eislab-cps/go-template/internal/network/utils.go:93.17,94.12 1 0
github.com/eislab-cps/go-template/internal/network/utils.go:96.3,96.30 1 0
github.com/eislab-cps/go-template/internal/network/utils.go:96.30,97.68 1 0
github.com/eislab-cps/go-template/internal/network/utils.go:97.68,98.30 1 0
github.com/eislab-cps/go-template/internal/network/utils.go:98.30,100.6 1 0
github.com/eislab-cps/go-template/internal/network/utils.go:105.2,105.25 1 0
github.com/eislab-cps/go-template/internal/network/utils.go:109.56,111.16 2 1
github.com/eislab-cps/go-template/internal/network/utils.go:111.16,113.3 1 0
github.com/eislab-cps/go-template/internal/network/utils.go:114.2,123.23 3 1
github.com/eislab-cps/go-template/internal/network/network.go:56.34,62.2 1 1
github.com/eislab-cps/go-template/internal/network/network.go:65.63,67.16 2 1
github.com/eislab-cps/go-template/internal/network/network.go:67.16,69.3 1 0
github.com/eislab-cps/go-template/internal/network/network.go:71.2,72.16 2 1
github.com/eislab-cps/go-template/internal/network/network.go:72.16,74.3 1 0
github.com/eislab-cps/go-template/internal/network/network.go:76.2,81.8 1 1
github.com/eislab-cps/go-template/internal/network/network.go:85.61,87.19 1 0
github.com/eislab-cps/go-template/internal/network/network.go:87.19,88.65 1 0
github.com/eislab-cps/go-template/internal/network/network.go:88.65,90.4 1 0
github.com/eislab-cps/go-template/internal/network/network.go:93.2,94.16 2 0
github.com/eislab-cps/go-template/internal/network/network.go:94.16,96.3 1 0
github.com/eislab-cps/go-template/internal/network/network.go:99.2,100.16 2 0
github.com/eislab-cps/go-template/internal/network/network.go:100.16,102.3 1 0
github.com/eislab-cps/go-template/internal/network/network.go:105.2,113.8 2 0
github.com/eislab-cps/go-template/internal/network/network.go:117.58,122.30 4 0
github.com/eislab-cps/go-template/internal/network/network.go:122.30,124.3 1 0
github.com/eislab-cps/go-template/internal/network/network.go:125.2,125.30 1 0
github.com/eislab-cps/go-template/internal/network/network.go:125.30,127.3 1 0
github.com/eislab-cps/go-template/internal/network/network.go:131.29,135.2 3 0
github.com/eislab-cps/go-template/internal/network/network.go:138.59,142.16 2 0
github.com/eislab-cps/go-template/internal/network/network.go:142.16,144.3 1 0
github.com/eislab-cps/go-template/internal/network/network.go:145.2,156.31 3 0
github.com/eislab-cps/go-template/internal/network/network.go:160.58,162.2 1 0
github.com/eislab-cps/go-template/internal/network/udp.go:23.49,26.16 3 0
github.com/eislab-cps/go-template/internal/network/udp.go:26.16,28.3 1 0
github.com/eislab-cps/go-template/internal/network/udp.go:29.2,29.17 1 0
github.com/eislab-cps/go-template/internal/network/udp.go:29.17,32.3 2 0
github.com/eislab-cps/go-template/internal/network/udp.go:33.2,34.16 2 0
github.com/eislab-cps/go-template/internal/network/udp.go:34.16,36.3 1 0
github.com/eislab-cps/go-template/internal/network/udp.go:37.2,38.12 2 0
github.com/eislab-cps/go-template/internal/network/udp.go:42.49,44.17 2 1
github.com/eislab-cps/go-template/internal/network/udp.go:44.17,46.17 2 0
github.com/eislab-cps/go-template/internal/network/udp.go:46.17,48.4 1 0
github.com/eislab-cps/go-template/internal/network/udp.go:49.3,50.53 2 0
github.com/eislab-cps/go-template/internal/network/udp.go:50.53,52.4 1 0
github.com/eislab-cps/go-template/internal/network/udp.go:53.3,61.9 1 0
github.com/eislab-cps/go-template/internal/network/udp.go:63.2,64.16 2 1
github.com/eislab-cps/go-template/internal/network/udp.go:64.16,66.3 1 1
github.com/eislab-cps/go-template/internal/network/udp.go:67.2,68.52 2 0
github.com/eislab-cps/go-template/internal/network/udp.go:68.52,70.3 1 0
github.com/eislab-cps/go-template/internal/network/udp.go:71.2,79.8 1 0
github.com/eislab-cps/go-template/internal/network/udp.go:83.39,84.31 1 1
github.com/eislab-cps/go-template/internal/network/udp.go:84.31,86.3 1 0
github.com/eislab-cps/go-template/internal/network/udp.go:87.2,87.23 1 1
github.com/eislab-cps/go-template/internal/network/udp.go:91.46,92.31 1 1
github.com/eislab-cps/go-template/internal/network/udp.go:92.31,94.3 1 0
github.com/eislab-cps/go-template/internal/network/udp.go:95.2,95.27 1 1
github.com/eislab-cps/go-template/internal/network/utils.go:20.55,22.16 2 0
github.com/eislab-cps/go-template/internal/network/utils.go:22.16,24.3 1 0
github.com/eislab-cps/go-template/internal/network/utils.go:25.2,25.18 1 0
github.com/eislab-cps/go-template/internal/network/utils.go:28.55,30.46 2 0
github.com/eislab-cps/go-template/internal/network/utils.go:30.46,32.3 1 0
github.com/eislab-cps/go-template/internal/network/utils.go:33.2,33.15 1 0
github.com/eislab-cps/go-template/internal/network/utils.go:37.45,38.14 1 1
github.com/eislab-cps/go-template/internal/network/utils.go:38.14,40.3 1 0
github.com/eislab-cps/go-template/internal/network/utils.go:41.2,41.36 1 1
github.com/eislab-cps/go-template/internal/network/utils.go:41.36,43.3 1 1
github.com/eislab-cps/go-template/internal/network/utils.go:45.2,46.16 2 0
github.com/eislab-cps/go-template/internal/network/utils.go:46.16,48.3 1 0
github.com/eislab-cps/go-template/internal/network/utils.go:49.2,51.35 3 0
github.com/eislab-cps/go-template/internal/network/utils.go:55.35,57.16 2 0
github.com/eislab-cps/go-template/internal/network/utils.go:57.16,60.3 1 0
github.com/eislab-cps/go-template/internal/network/utils.go:61.2,64.35 3 0
github.com/eislab-cps/go-template/internal/network/utils.go:67.43,69.16 2 0
github.com/eislab-cps/go-template/internal/network/utils.go:69.16,71.3 1 0
github.com/eislab-cps/go-template/internal/network/utils.go:74.2,74.31 1 0
github.com/eislab-cps/go-template/internal/network/utils.go:74.31,75.23 1 0
github.com/eislab-cps/go-template/internal/network/utils.go:75.23,77.18 2 0
github.com/eislab-cps/go-template/internal/network/utils.go:77.18,78.13 1 0
github.com/eislab-cps/go-template/internal/network/utils.go:80.4,80.31 1 0
github.com/eislab-cps/go-template/internal/network/utils.go:80.31,81.69 1 0
github.com/eislab-cps/go-template/internal/network/utils.go:81.69,82.31 1 0
github.com/eislab-cps/go-template/internal/network/utils.go:82.31,84.7 1 0
github.com/eislab-cps/go-template/internal/network/utils.go:91.2,91.31 1 0
github.com/eislab-cps/go-template/internal/network/utils.go:91.31,93.17 2 0
github.com/eislab-cps/go-template/internal/network/utils.go:93.17,94.12 1 0
github.com/eislab-cps/go-template/internal/network/utils.go:96.3,96.30 1 0
github.com/eislab-cps/go-template/internal/network/utils.go:96.30,97.68 1 0
github.com/eislab-cps/go-template/internal/network/utils.go:97.68,98.30 1 0
github.com/eislab-cps/go-template/internal/network/utils.go:98.30,100.6 1 0
github.com/eislab-cps/go-template/internal/network/utils.go:105.2,105.25 1 0
github.com/eislab-cps/go-template/internal/network/utils.go:109.56,111.16 2 0
github.com/eislab-cps/go-template/internal/network/utils.go:111.16,113.3 1 0
github.com/eislab-cps/go-template/internal/network/utils.go:114.2,123.23 3 0
github.com/eislab-cps/go-template/internal/node/bucket.go:16.26,20.2 3 1
github.com/eislab-cps/go-template/internal/node/bucket.go:25.44,33.27 4 1
github.com/eislab-cps/go-template/internal/node/bucket.go:33.27,34.35 1 1
github.com/eislab-cps/go-template/internal/node/bucket.go:34.35,36.9 2 1
github.com/eislab-cps/go-template/internal/node/bucket.go:40.2,40.17 1 1
github.com/eislab-cps/go-template/internal/node/bucket.go:40.17,42.17 1 1
github.com/eislab-cps/go-template/internal/node/bucket.go:42.17,45.4 1 1
github.com/eislab-cps/go-template/internal/node/bucket.go:47.3,47.49 1 1
github.com/eislab-cps/go-template/internal/node/bucket.go:48.8,55.3 3 1
github.com/eislab-cps/go-template/internal/node/bucket.go:59.47,64.27 3 1
github.com/eislab-cps/go-template/internal/node/bucket.go:64.27,65.35 1 1
github.com/eislab-cps/go-template/internal/node/bucket.go:65.35,68.9 2 1
github.com/eislab-cps/go-template/internal/node/bucket.go:74.47,79.27 3 1
github.com/eislab-cps/go-template/internal/node/bucket.go:79.27,80.35 1 1
github.com/eislab-cps/go-template/internal/node/bucket.go:80.35,82.4 1 1
github.com/eislab-cps/go-template/internal/node/bucket.go:84.2,84.14 1 1
github.com/eislab-cps/go-template/internal/node/bucket.go:88.37,89.22 1 1
github.com/eislab-cps/go-template/internal/node/bucket.go:89.22,91.3 1 1
github.com/eislab-cps/go-template/internal/node/bucket.go:92.2,92.18 1 1
github.com/eislab-cps/go-template/internal/node/bucket.go:96.36,97.22 1 1
github.com/eislab-cps/go-template/internal/node/bucket.go:97.22,99.3 1 0
github.com/eislab-cps/go-template/internal/node/bucket.go:100.2,100.30 1 1
github.com/eislab-cps/go-template/internal/node/bucket.go:105.44,111.32 4 1
github.com/eislab-cps/go-template/internal/node/bucket.go:111.32,113.3 1 1
github.com/eislab-cps/go-template/internal/node/bucket.go:114.2,114.17 1 1
github.com/eislab-cps/go-template/internal/node/bucket.go:118.28,123.2 3 1
github.com/eislab-cps/go-template/internal/node/bucket.go:126.32,128.2 1 1
github.com/eislab-cps/go-template/internal/node/bucket.go:132.49,134.2 1 0
github.com/eislab-cps/go-template/internal/node/bucket.go:138.50,139.27 1 0
github.com/eislab-cps/go-template/internal/node/bucket.go:139.27,140.35 1 0
github.com/eislab-cps/go-template/internal/node/bucket.go:140.35,147.4 4 0
github.com/eislab-cps/go-template/internal/node/bucket.go:149.2,149.14 1 0
github.com/eislab-cps/go-template/internal/node/handlers.go:11.50,15.21 4 0
github.com/eislab-cps/go-template/internal/node/handlers.go:15.21,22.3 4 0
github.com/eislab-cps/go-template/internal/node/handlers.go:23.2,23.12 1 0
github.com/eislab-cps/go-template/internal/node/handlers.go:26.49,34.2 3 0
github.com/eislab-cps/go-template/internal/node/handlers.go:36.49,43.2 3 0
github.com/eislab-cps/go-template/internal/node/handlers.go:45.53,67.2 7 0
github.com/eislab-cps/go-template/internal/node/handlers.go:69.61,79.58 4 0
github.com/eislab-cps/go-template/internal/node/handlers.go:79.58,80.10 1 0
github.com/eislab-cps/go-template/internal/node/handlers.go:81.28,82.62 1 0
github.com/eislab-cps/go-template/internal/node/handlers.go:83.11,84.59 1 0
github.com/eislab-cps/go-template/internal/node/handlers.go:86.3,87.13 2 0
github.com/eislab-cps/go-template/internal/node/handlers.go:89.2,93.19 3 0
github.com/eislab-cps/go-template/internal/node/handlers.go:93.19,95.17 2 0
github.com/eislab-cps/go-template/internal/node/handlers.go:95.17,97.4 1 0
github.com/eislab-cps/go-template/internal/node/handlers.go:98.3,98.29 1 0
github.com/eislab-cps/go-template/internal/node/handlers.go:98.29,100.4 1 0
github.com/eislab-cps/go-template/internal/node/handlers.go:102.2,102.12 1 0
github.com/eislab-cps/go-template/internal/node/handlers.go:105.54,115.48 5 0
github.com/eislab-cps/go-template/internal/node/handlers.go:115.48,118.3 2 0
github.com/eislab-cps/go-template/internal/node/handlers.go:118.8,123.3 4 0
github.com/eislab-cps/go-template/internal/node/handlers.go:126.2,136.42 2 0
github.com/eislab-cps/go-template/internal/node/handlers.go:139.62,153.58 5 0
github.com/eislab-cps/go-template/internal/node/handlers.go:153.58,154.10 1 0
github.com/eislab-cps/go-template/internal/node/handlers.go:155.28,156.52 1 0
github.com/eislab-cps/go-template/internal/node/handlers.go:157.11,158.59 1 0
github.com/eislab-cps/go-template/internal/node/handlers.go:160.3,161.13 2 0
github.com/eislab-cps/go-template/internal/node/handlers.go:163.2,167.42 3 0
github.com/eislab-cps/go-template/internal/node/handlers.go:167.42,170.3 2 0
github.com/eislab-cps/go-template/internal/node/handlers.go:173.2,175.16 3 0
github.com/eislab-cps/go-template/internal/node/handlers.go:175.16,177.3 1 0
github.com/eislab-cps/go-template/internal/node/handlers.go:179.2,180.33 2 0
github.com/eislab-cps/go-template/internal/node/handlers.go:180.33,184.3 2 0
github.com/eislab-cps/go-template/internal/node/handlers.go:186.2,186.12 1 0
github.com/eislab-cps/go-template/internal/node/node.go:41.40,45.2 3 1
github.com/eislab-cps/go-template/internal/node/node.go:48.54,52.2 3 1
github.com/eislab-cps/go-template/internal/node/node.go:55.61,60.2 4 1
github.com/eislab-cps/go-template/internal/node/node.go:62.62,64.53 1 1
github.com/eislab-cps/go-template/internal/node/node.go:64.53,66.3 1 1
github.com/eislab-cps/go-template/internal/node/node.go:67.2,70.54 2 0
github.com/eislab-cps/go-template/internal/node/node.go:70.54,72.3 1 0
github.com/eislab-cps/go-template/internal/node/node.go:73.2,74.23 2 0
github.com/eislab-cps/go-template/internal/node/node.go:81.60,85.16 3 1
github.com/eislab-cps/go-template/internal/node/node.go:85.16,87.3 1 0
github.com/eislab-cps/go-template/internal/node/node.go:89.2,91.43 3 1
github.com/eislab-cps/go-template/internal/node/node.go:91.43,93.3 1 0
github.com/eislab-cps/go-template/internal/node/node.go:95.2,96.44 2 1
github.com/eislab-cps/go-template/internal/node/node.go:96.44,98.3 1 0
github.com/eislab-cps/go-template/internal/node/node.go:100.2,116.18 4 1
github.com/eislab-cps/go-template/internal/node/node.go:118.35,126.2 7 1
github.com/eislab-cps/go-template/internal/node/node.go:128.42,130.43 2 0
github.com/eislab-cps/go-template/internal/node/node.go:130.43,131.20 1 0
github.com/eislab-cps/go-template/internal/node/node.go:131.20,134.4 1 0
github.com/eislab-cps/go-template/internal/node/node.go:136.2,136.17 1 0
github.com/eislab-cps/go-template/internal/node/node.go:139.55,140.16 1 0
github.com/eislab-cps/go-template/internal/node/node.go:140.16,142.3 1 0
github.com/eislab-cps/go-template/internal/node/node.go:144.2,147.29 3 0
github.com/eislab-cps/go-template/internal/node/node.go:147.29,149.27 2 0
github.com/eislab-cps/go-template/internal/node/node.go:149.27,150.12 1 0
github.com/eislab-cps/go-template/internal/node/node.go:153.3,155.17 3 0
github.com/eislab-cps/go-template/internal/node/node.go:155.17,156.12 1 0
github.com/eislab-cps/go-template/internal/node/node.go:159.3,160.17 2 0
github.com/eislab-cps/go-template/internal/node/node.go:160.17,161.12 1 0
github.com/eislab-cps/go-template/internal/node/node.go:164.3,169.36 2 0
github.com/eislab-cps/go-template/internal/node/node.go:172.2,172.21 1 0
github.com/eislab-cps/go-template/internal/node/node.go:175.47,177.33 2 0
github.com/eislab-cps/go-template/internal/node/node.go:177.33,183.3 2 0
github.com/eislab-cps/go-template/internal/node/node.go:184.2,184.33 1 0
github.com/eislab-cps/go-template/internal/node/node.go:188.56,193.16 3 0
github.com/eislab-cps/go-template/internal/node/node.go:193.16,195.3 1 0
github.com/eislab-cps/go-template/internal/node/node.go:198.2,202.16 3 0
github.com/eislab-cps/go-template/internal/node/node.go:202.16,204.3 1 0
github.com/eislab-cps/go-template/internal/node/node.go:207.2,211.26 3 0
github.com/eislab-cps/go-template/internal/node/node.go:211.26,213.3 1 0
github.com/eislab-cps/go-template/internal/node/node.go:214.2,215.16 2 0
github.com/eislab-cps/go-template/internal/node/node.go:215.16,217.3 1 0
github.com/eislab-cps/go-template/internal/node/node.go:219.2,219.12 1 0
github.com/eislab-cps/go-template/internal/node/node.go:223.63,227.2 3 1
github.com/eislab-cps/go-template/internal/node/node.go:230.24,231.14 1 1
github.com/eislab-cps/go-template/internal/node/node.go:231.14,233.3 1 0
github.com/eislab-cps/go-template/internal/node/node.go:234.2,234.25 1 1
github.com/eislab-cps/go-template/internal/node/node.go:234.25,237.3 2 0
github.com/eislab-cps/go-template/internal/node/node.go:239.2,239.6 1 1
github.com/eislab-cps/go-template/internal/node/node.go:239.6,242.15 2 1
github.com/eislab-cps/go-template/internal/node/node.go:242.15,245.4 2 0
github.com/eislab-cps/go-template/internal/node/node.go:246.3,250.17 3 1
github.com/eislab-cps/go-template/internal/node/node.go:250.17,252.17 2 1
github.com/eislab-cps/go-template/internal/node/node.go:252.17,254.5 1 0
github.com/eislab-cps/go-template/internal/node/node.go:255.4,256.9 2 1
github.com/eislab-cps/go-template/internal/node/node.go:259.3,259.35 1 0
github.com/eislab-cps/go-template/internal/node/node.go:261.2,263.41 3 1
github.com/eislab-cps/go-template/internal/node/node.go:266.55,268.9 1 0
github.com/eislab-cps/go-template/internal/node/node.go:269.33,274.28 2 0
github.com/eislab-cps/go-template/internal/node/node.go:274.28,275.17 1 0
github.com/eislab-cps/go-template/internal/node/node.go:275.17,279.5 2 0
github.com/eislab-cps/go-template/internal/node/node.go:282.4,282.28 1 0
github.com/eislab-cps/go-template/internal/node/node.go:285.10,288.23 2 0
github.com/eislab-cps/go-template/internal/node/node.go:292.43,295.37 2 0
github.com/eislab-cps/go-template/internal/node/node.go:295.37,296.10 1 0
github.com/eislab-cps/go-template/internal/node/node.go:297.18,297.18 0 0
github.com/eislab-cps/go-template/internal/node/node.go:298.11,298.11 0 0
github.com/eislab-cps/go-template/internal/node/node.go:300.3,302.9 3 0
github.com/eislab-cps/go-template/internal/node/node.go:304.2,307.19 3 0
github.com/eislab-cps/go-template/internal/node/node.go:307.19,309.3 1 0
github.com/eislab-cps/go-template/internal/node/node.go:312.2,314.13 3 0
github.com/eislab-cps/go-template/internal/node/node.go:314.13,316.3 1 0
github.com/eislab-cps/go-template/internal/node/node.go:317.2,320.30 2 0
github.com/eislab-cps/go-template/internal/node/node.go:320.30,321.38 1 0
github.com/eislab-cps/go-template/internal/node/node.go:321.38,323.4 1 0
github.com/eislab-cps/go-template/internal/node/node.go:324.8,326.3 1 0
github.com/eislab-cps/go-template/internal/node/node.go:330.68,341.2 2 0
github.com/eislab-cps/go-template/internal/node/node.go:343.30,360.2 9 1
github.com/eislab-cps/go-template/internal/node/node.go:363.34,365.2 1 1
github.com/eislab-cps/go-template/internal/node/nodelookup.go:16.62,19.2 2 0
github.com/eislab-cps/go-template/internal/node/nodelookup.go:21.55,25.29 4 0
github.com/eislab-cps/go-template/internal/node/nodelookup.go:25.29,27.3 1 0
github.com/eislab-cps/go-template/internal/node/nodelookup.go:28.2,29.14 2 0
github.com/eislab-cps/go-template/internal/node/nodelookup.go:31.57,35.29 4 0
github.com/eislab-cps/go-template/internal/node/nodelookup.go:35.29,37.3 1 0
github.com/eislab-cps/go-template/internal/node/nodelookup.go:38.2,39.29 2 0
github.com/eislab-cps/go-template/internal/node/nodelookup.go:39.29,42.17 3 0
github.com/eislab-cps/go-template/internal/node/nodelookup.go:42.17,44.4 1 0
github.com/eislab-cps/go-template/internal/node/nodelookup.go:44.9,46.4 1 0
github.com/eislab-cps/go-template/internal/node/nodelookup.go:51.83,61.6 5 0
github.com/eislab-cps/go-template/internal/node/nodelookup.go:61.6,64.34 3 0
github.com/eislab-cps/go-template/internal/node/nodelookup.go:64.34,66.4 1 0
github.com/eislab-cps/go-template/internal/node/nodelookup.go:67.3,71.31 3 0
github.com/eislab-cps/go-template/internal/node/nodelookup.go:71.31,72.57 1 0
github.com/eislab-cps/go-template/internal/node/nodelookup.go:72.57,75.5 2 0
github.com/eislab-cps/go-template/internal/node/nodelookup.go:78.3,78.24 1 0
github.com/eislab-cps/go-template/internal/node/nodelookup.go:78.24,79.9 1 0
github.com/eislab-cps/go-template/internal/node/nodelookup.go:83.3,86.35 3 0
github.com/eislab-cps/go-template/internal/node/nodelookup.go:86.35,88.22 2 0
github.com/eislab-cps/go-template/internal/node/nodelookup.go:88.22,91.5 2 0
github.com/eislab-cps/go-template/internal/node/nodelookup.go:94.3,104.35 4 0
github.com/eislab-cps/go-template/internal/node/nodelookup.go:104.35,105.20 1 0
github.com/eislab-cps/go-template/internal/node/nodelookup.go:105.20,107.5 1 0
github.com/eislab-cps/go-template/internal/node/nodelookup.go:108.4,108.29 1 0
github.com/eislab-cps/go-template/internal/node/nodelookup.go:108.29,110.5 1 0
github.com/eislab-cps/go-template/internal/node/nodelookup.go:111.4,112.24 2 0
github.com/eislab-cps/go-template/internal/node/nodelookup.go:114.3,114.12 1 0
github.com/eislab-cps/go-template/internal/node/nodelookup.go:114.12,116.4 1 0
github.com/eislab-cps/go-template/internal/node/nodelookup.go:119.3,119.24 1 0
github.com/eislab-cps/go-template/internal/node/nodelookup.go:119.24,121.4 1 0
github.com/eislab-cps/go-template/internal/node/nodelookup.go:126.3,127.25 2 0
github.com/eislab-cps/go-template/internal/node/nodelookup.go:127.25,129.4 1 0
github.com/eislab-cps/go-template/internal/node/nodelookup.go:132.3,136.25 3 0
github.com/eislab-cps/go-template/internal/node/nodelookup.go:136.25,138.4 1 0
github.com/eislab-cps/go-template/internal/node/nodelookup.go:141.2,141.30 1 0
github.com/eislab-cps/go-template/internal/node/nodelookup.go:144.38,145.18 1 0
github.com/eislab-cps/go-template/internal/node/nodelookup.go:145.18,147.3 1 0
github.com/eislab-cps/go-template/internal/node/nodelookup.go:148.2,150.23 3 0
github.com/eislab-cps/go-template/internal/node/nodelookup.go:150.23,152.27 2 0
github.com/eislab-cps/go-template/internal/node/nodelookup.go:152.27,153.12 1 0
github.com/eislab-cps/go-template/internal/node/nodelookup.go:155.3,156.23 2 0
github.com/eislab-cps/go-template/internal/node/nodelookup.go:158.2,158.12 1 0
github.com/eislab-cps/go-template/internal/node/nodelookup.go:161.68,164.40 2 0
github.com/eislab-cps/go-template/internal/node/nodelookup.go:164.40,168.3 3 0
github.com/eislab-cps/go-template/internal/node/nodelookup.go:170.2,170.14 1 0
github.com/eislab-cps/go-template/internal/node/nodelookup.go:179.82,181.15 2 0
github.com/eislab-cps/go-template/internal/node/nodelookup.go:181.15,183.3 1 0
github.com/eislab-cps/go-template/internal/node/nodelookup.go:186.2,192.22 5 0
github.com/eislab-cps/go-template/internal/node/nodelookup.go:192.22,194.3 1 0
github.com/eislab-cps/go-template/internal/node/nodelookup.go:195.2,197.15 3 0
github.com/eislab-cps/go-template/internal/node/nodelookup.go:197.15,201.3 3 0
github.com/eislab-cps/go-template/internal/node/nodelookup.go:204.2,213.47 2 0
github.com/eislab-cps/go-template/internal/node/nodelookup.go:213.47,215.3 1 0
github.com/eislab-cps/go-template/internal/node/nodelookup.go:218.2,218.9 1 0
github.com/eislab-cps/go-template/internal/node/nodelookup.go:219.24,220.49 1 0
github.com/eislab-cps/go-template/internal/node/nodelookup.go:221.37,223.35 2 0
github.com/eislab-cps/go-template/internal/node/nodelookup.go:227.78,231.55 3 0
github.com/eislab-cps/go-template/internal/node/nodelookup.go:231.55,234.3 2 0
github.com/eislab-cps/go-template/internal/node/nodelookup.go:237.2,238.16 2 0
github.com/eislab-cps/go-template/internal/node/nodelookup.go:238.16,241.3 2 0
github.com/eislab-cps/go-template/internal/node/nodelookup.go:243.2,244.48 2 0
github.com/eislab-cps/go-template/internal/node/routingtable.go:21.47,25.28 2 1
github.com/eislab-cps/go-template/internal/node/routingtable.go:25.28,29.3 1 1
github.com/eislab-cps/go-template/internal/node/routingtable.go:30.2,30.11 1 1
github.com/eislab-cps/go-template/internal/node/routingtable.go:33.65,45.36 6 1
github.com/eislab-cps/go-template/internal/node/routingtable.go:45.36,46.39 1 1
github.com/eislab-cps/go-template/internal/node/routingtable.go:46.39,49.4 2 1
github.com/eislab-cps/go-template/internal/node/routingtable.go:52.2,52.38 1 1
github.com/eislab-cps/go-template/internal/node/routingtable.go:52.38,54.3 1 1
github.com/eislab-cps/go-template/internal/node/routingtable.go:56.2,57.41 2 1
github.com/eislab-cps/go-template/internal/node/routingtable.go:57.41,59.3 1 1
github.com/eislab-cps/go-template/internal/node/routingtable.go:60.2,60.15 1 1
github.com/eislab-cps/go-template/internal/node/routingtable.go:63.52,66.39 2 1
github.com/eislab-cps/go-template/internal/node/routingtable.go:66.39,68.3 1 1
github.com/eislab-cps/go-template/internal/node/routingtable.go:69.2,69.36 1 1
github.com/eislab-cps/go-template/internal/node/routingtable.go:69.36,70.33 1 1
github.com/eislab-cps/go-template/internal/node/routingtable.go:70.33,71.37 1 1
github.com/eislab-cps/go-template/internal/node/routingtable.go:71.37,73.5 1 0
github.com/eislab-cps/go-template/internal/node/routingtable.go:76.2,82.28 5 1
github.com/eislab-cps/go-template/internal/node/routingtable.go:85.55,92.2 3 1
github.com/eislab-cps/go-template/internal/node/routingtable.go:94.69,97.26 2 1
github.com/eislab-cps/go-template/internal/node/routingtable.go:97.26,99.3 1 1
github.com/eislab-cps/go-template/internal/node/routingtable.go:104.2,108.15 3 1
github.com/eislab-cps/go-template/internal/node/routingtable.go:108.15,110.3 1 0
github.com/eislab-cps/go-template/internal/node/routingtable.go:111.2,111.25 1 1
github.com/eislab-cps/go-template/internal/node/routingtable.go:111.25,113.3 1 0
github.com/eislab-cps/go-template/internal/node/routingtable.go:114.2,114.14 1 1
